<?xml version="1.0" encoding="UTF-8"?>
<!-- Generated by org.testng.reporters.JUnitXMLReporter -->
<testsuite ignored="0" hostname="DESKTOP-DL3I60O" failures="1" tests="1" name="Default test(failed)(failed)" time="21.078" errors="0" timestamp="2025-05-02T11:51:35 IST">
  <testcase classname="com.Coverfox_test.CoverFoxUsingTestNG" name="ValidateCoverfoxplan" time="0.301">
    <failure type="java.io.FileNotFoundException" message="C:\Users\shind\eclipse-workspace\morning24\screenshots\CoverFoxTest.png (The system cannot find the path specified)">
      <![CDATA[java.io.FileNotFoundException: C:\Users\shind\eclipse-workspace\morning24\screenshots\CoverFoxTest.png (The system cannot find the path specified)
at java.base/java.io.FileOutputStream.open0(Native Method)
at java.base/java.io.FileOutputStream.open(FileOutputStream.java:289)
at java.base/java.io.FileOutputStream.<init>(FileOutputStream.java:230)
at java.base/java.io.FileOutputStream.<init>(FileOutputStream.java:179)
at org.openqa.selenium.io.FileHandler.copyFile(FileHandler.java:133)
at org.openqa.selenium.io.FileHandler.copy(FileHandler.java:112)
at com.Coverfox_Utility.Utility.takeScreenshot(Utility.java:38)
at com.Coverfox_test.CoverFoxUsingTestNG.ValidateCoverfoxplan(CoverFoxUsingTestNG.java:80)
at java.base/java.util.ArrayList.forEach(ArrayList.java:1597)
... Removed 25 stack frames]]>
    </failure>
  </testcase> <!-- ValidateCoverfoxplan -->
</testsuite> <!-- Default test(failed)(failed) -->
